starting...
-I- Read magic file  /Users/nebula/Python/PmagPy/data_files/3_0/McMurdo/info.magic
-I-  tanh parameters for specimen mc117b1 were calculated successfully
-I-  tanh parameters for specimen mc120c1 were calculated successfully
-I-  tanh parameters for specimen mc132e2 were calculated successfully
-I-  tanh parameters for specimen mc132g2 were calculated successfully
-I-  tanh parameters for specimen mc205b1 were calculated successfully
-I-  tanh parameters for specimen mc217a1 were calculated successfully
-I- Done calculating non linear TRM parameters for all specimens
-I- number of specimens in this project directory: 396
-I- number of samples in this project directory: 391
-I- reading redo file and processing new temperature bounds-I- Read magic file  /Users/nebula/Desktop/contributions/Judean_Handles/measurements.magic
-I- Done calculating non linear TRM parameters for all specimens
-W- Can't find ancient cooling rate estimation for sample 
-W- Can't find ancient cooling rate estimation for sample 
-W- Can't find ancient cooling rate estimation for sample 
-W- Can't find ancient cooling rate estimation for sample 
-W- Can't find ancient cooling rate estimation for sample 
-W- Can't find ancient cooling rate estimation for sample 
-W- Can't find ancient cooling rate estimation for sample 
-W- Can't find ancient cooling rate estimation for sample 
-W- Can't find ancient cooling rate estimation for sample 
-W- Can't find ancient cooling rate estimation for sample 
-W- Can't find ancient cooling rate estimation for sample 
-W- Can't find ancient cooling rate estimation for sample 
-W- Can't find ancient cooling rate estimation for sample 
-W- Can't find ancient cooling rate estimation for sample 
-W- Can't find ancient cooling rate estimation for sample 
-W- Can't find ancient cooling rate estimation for sample 
-W- Can't find ancient cooling rate estimation for sample 
-W- Can't find ancient cooling rate estimation for sample 
-W- Can't find ancient cooling rate estimation for sample 
-W- Can't find ancient cooling rate estimation for sample 
-W- Can't find ancient cooling rate estimation for sample 
-W- Can't find ancient cooling rate estimation for sample 
-W- Can't find ancient cooling rate estimation for sample 
-W- Can't find ancient cooling rate estimation for sample 
-W- Can't find ancient cooling rate estimation for sample 
-W- Can't find ancient cooling rate estimation for sample 
-W- Can't find ancient cooling rate estimation for sample 
-W- Can't find ancient cooling rate estimation for sample 
-W- Can't find ancient cooling rate estimation for sample 
-W- Can't find ancient cooling rate estimation for sample 
-W- Can't find ancient cooling rate estimation for sample 
-W- Can't find ancient cooling rate estimation for sample 
-W- Can't find ancient cooling rate estimation for sample 
-W- Can't find ancient cooling rate estimation for sample 
-W- Can't find ancient cooling rate estimation for sample 
-W- Can't find ancient cooling rate estimation for sample 
-W- Can't find ancient cooling rate estimation for sample 
-W- Can't find ancient cooling rate estimation for sample 
-W- Can't find ancient cooling rate estimation for sample 
-W- Can't find ancient cooling rate estimation for sample 
-W- Can't find ancient cooling rate estimation for sample 
-W- Can't find ancient cooling rate estimation for sample 
-W- Can't find ancient cooling rate estimation for sample 
-W- Can't find ancient cooling rate estimation for sample 
-W- Can't find ancient cooling rate estimation for sample 
-W- Can't find ancient cooling rate estimation for sample 
-W- Can't find ancient cooling rate estimation for sample 
-W- Can't find ancient cooling rate estimation for sample 
-W- Can't find ancient cooling rate estimation for sample 
-W- Can't find ancient cooling rate estimation for sample 
-W- Can't find ancient cooling rate estimation for sample 
-W- Can't find ancient cooling rate estimation for sample 
-W- Can't find ancient cooling rate estimation for sample 
-W- Can't find ancient cooling rate estimation for sample 
-W- Can't find ancient cooling rate estimation for sample 
-W- Can't find ancient cooling rate estimation for sample 
-W- Can't find ancient cooling rate estimation for sample 
-W- Can't find ancient cooling rate estimation for sample 
-W- Can't find ancient cooling rate estimation for sample 
-W- Can't find ancient cooling rate estimation for sample 
-W- Can't find ancient cooling rate estimation for sample 
-W- Can't find ancient cooling rate estimation for sample 
-W- Can't find ancient cooling rate estimation for sample 
-W- Can't find ancient cooling rate estimation for sample 
-W- Can't find ancient cooling rate estimation for sample 
-W- Can't find ancient cooling rate estimation for sample 
-W- Can't find ancient cooling rate estimation for sample 
-W- Can't find ancient cooling rate estimation for sample 
-W- Can't find ancient cooling rate estimation for sample 
-W- Can't find ancient cooling rate estimation for sample 
-W- Can't find ancient cooling rate estimation for sample 
-W- Can't find ancient cooling rate estimation for sample 
-W- Can't find ancient cooling rate estimation for sample 
-W- Can't find ancient cooling rate estimation for sample 
-W- Can't find ancient cooling rate estimation for sample 
-W- Can't find ancient cooling rate estimation for sample 
-W- Can't find ancient cooling rate estimation for sample 
-W- Can't find ancient cooling rate estimation for sample 
-W- Can't find ancient cooling rate estimation for sample 
-W- Can't find ancient cooling rate estimation for sample 
-W- Can't find ancient cooling rate estimation for sample 
-W- Can't find ancient cooling rate estimation for sample 
-W- Can't find ancient cooling rate estimation for sample 
-W- Can't find ancient cooling rate estimation for sample 
-W- Can't find ancient cooling rate estimation for sample 
-W- Can't find ancient cooling rate estimation for sample 
-W- Can't find ancient cooling rate estimation for sample 
-W- Can't find ancient cooling rate estimation for sample 
-W- Can't find ancient cooling rate estimation for sample 
-W- Can't find ancient cooling rate estimation for sample 
-W- Can't find ancient cooling rate estimation for sample 
-W- Can't find ancient cooling rate estimation for sample 
-W- Can't find ancient cooling rate estimation for sample 
-W- Can't find ancient cooling rate estimation for sample 
-W- Can't find ancient cooling rate estimation for sample 
-W- Can't find ancient cooling rate estimation for sample 
-W- Can't find ancient cooling rate estimation for sample 
-W- Can't find ancient cooling rate estimation for sample 
-W- Can't find ancient cooling rate estimation for sample 
-W- Can't find ancient cooling rate estimation for sample 
-W- Can't find ancient cooling rate estimation for sample 
-W- Can't find ancient cooling rate estimation for sample 
-W- Can't find ancient cooling rate estimation for sample 
-W- Can't find ancient cooling rate estimation for sample 
-W- Can't find ancient cooling rate estimation for sample 
-W- Can't find ancient cooling rate estimation for sample 
-W- Can't find ancient cooling rate estimation for sample 
-W- Can't find ancient cooling rate estimation for sample 
-I- number of specimens in this project directory: 211
-I- number of samples in this project directory: 11
