12.732364
13.047153
12.480702
6.227375
13.854613
7.560661
6.432780
13.942849
8.891305
12.598935
11.791776
9.230188
7.861387
7.459727
9.186098
13.229747
11.204054
8.866949
17.447839
11.650249
14.061930
9.021967
7.517126
14.241759
10.123034
6.319176
9.562628
6.200769
8.124829
8.408408
13.758954
6.807381
7.878072
7.239467
9.654168
9.958419
8.129484
13.234339
12.605597
13.621303
7.508015
6.047289
9.849987
16.777882
8.284072
13.594897
9.758865
10.798135
5.619260
10.240624
12.470164
12.207606
11.969582
11.635146
10.473386
7.364800
10.596973
10.544454
9.848748
7.517344
9.308892
4.546523
10.508691
11.407102
6.889688
6.036829
9.493092
14.134899
11.530122
2.087840
9.925931
9.741806
9.876601
13.452550
10.372396
8.699566
12.283933
7.239631
10.579211
9.112069
7.527738
12.191859
7.973882
4.044536
11.803727
10.751430
6.872576
10.394026
6.158120
13.357812
11.304607
6.455617
13.391920
8.443623
9.436954
14.744248
8.968675
6.196532
6.028802
9.031200
13.522360
5.644437
12.032132
13.984814
7.560558
13.894375
10.933374
8.525977
10.382614
8.384898
11.153647
10.282115
14.903742
8.318339
6.052888
16.685922
13.649874
9.394730
13.506879
5.293540
9.019091
7.278846
14.283630
9.327745
12.821515
9.052592
11.736361
6.724441
13.825627
12.954751
11.167447
11.094713
13.847149
9.956781
6.389653
8.302690
5.829953
8.646887
12.201293
15.024179
9.388295
12.017883
10.636259
11.361080
9.202361
6.277992
13.267234
12.413211
12.363263
14.267766
5.494849
8.185728
12.757721
12.715210
9.210139
9.744865
16.711006
10.174004
9.057727
11.174662
6.859754
10.921725
6.175389
9.875325
9.057938
7.399946
4.863121
13.222025
12.110082
8.685192
7.529930
11.435634
12.570985
11.454109
10.826989
9.913579
10.093448
11.835031
13.622996
10.240017
6.624358
9.147252
12.235545
9.620384
13.555296
8.896709
5.707537
6.120757
6.491531
8.542270
12.127571
11.215835
8.797250
15.500478
8.798020
12.791473
16.147683
11.531633
12.401276
12.704412
17.746269
8.901934
11.220073
11.511765
10.959864
17.088510
9.184634
9.244398
9.204239
10.759810
9.563510
10.168789
8.312458
9.142309
8.620685
12.076477
11.716007
9.999666
10.375889
11.792592
10.152010
9.830711
8.627448
10.978819
3.563498
12.069859
12.383936
11.564371
14.778824
5.185531
6.812821
12.720144
7.246802
13.429430
10.477369
7.966161
14.488313
12.224830
10.143027
7.156061
4.367917
9.791238
8.144430
6.648098
9.726157
10.808759
7.691024
8.936908
8.990723
11.201298
9.647757
8.727187
8.688209
8.193837
8.723550
15.175838
4.690742
9.840543
10.554467
6.675279
7.590618
7.246362
12.235886
13.670781
11.222439
10.929800
11.179673
11.487027
10.157769
7.162526
11.941392
7.147704
9.415556
11.493324
8.520464
13.755520
6.800063
13.653041
12.797546
7.159919
11.144534
8.035657
10.419402
15.297229
8.523230
12.467587
13.772634
7.775932
12.295021
6.693062
13.829784
10.783803
10.066126
4.988212
10.354611
14.158874
8.587963
13.505185
7.151322
9.749636
6.647110
8.977756
8.929445
8.587093
16.853821
10.269120
6.033998
12.986736
8.309571
4.159451
12.958231
8.682482
10.281964
9.268199
9.203785
9.367111
10.796987
8.063835
6.688679
9.499345
11.250450
12.657498
8.841515
11.621944
7.720366
10.589384
9.649408
6.973954
10.316913
5.172734
14.629146
9.656190
9.320412
10.549306
14.085594
16.073530
8.441766
11.492690
13.674549
10.580550
8.124316
9.178037
12.606660
14.016433
6.422741
10.771616
6.472623
6.318948
14.998162
9.228858
14.388498
10.242040
4.995232
6.813926
13.119444
12.606192
4.295775
11.540438
7.224608
11.685769
7.623987
9.738831
11.724386
10.174094
8.387701
5.159466
8.027446
9.007831
7.294665
10.317485
13.770023
9.834007
10.269900
11.190227
7.454215
9.101031
11.023691
12.688458
14.238494
7.199358
11.416137
4.955314
9.645199
11.298280
6.106996
10.402861
16.262551
8.994418
10.306642
10.721829
10.162139
11.903936
10.684132
9.612002
9.383304
14.893117
10.637981
7.319740
12.617748
17.508485
13.455367
7.884084
14.367355
9.176218
1.860122
10.191086
1.701306
2.749301
9.893405
6.670012
9.887158
9.371891
13.993662
6.073174
8.496081
11.906286
5.590062
9.496243
12.257029
11.402549
8.253315
10.430966
11.424746
9.294891
8.185996
14.585901
10.887936
5.617800
7.728065
5.880951
7.917085
7.518341
7.879879
9.912876
11.352800
6.288839
12.918523
9.488749
6.461789
12.493592
4.099672
7.710105
8.774850
7.344477
5.270332
8.484257
10.343902
7.786705
10.834859
13.305918
11.067502
9.299933
11.699245
15.788257
10.839545
9.240615
8.208525
11.511863
8.501014
7.922907
10.939710
15.221286
13.943457
7.480366
14.315184
7.241657
8.749759
13.333250
11.682554
5.878653
7.459940
15.990967
11.102679
13.402361
10.222116
14.382063
8.216004
12.981950
12.523958
9.577560
14.926923
7.384140
7.172427
14.484039
5.969403
7.250881
10.251284
9.435016
9.690763
8.998392
10.644757
11.589657
7.061008
10.230833
11.457624
14.348142
7.748670
11.673008
14.156649
8.164813
16.379446
15.696403
6.476009
4.350333
10.520698
10.231881
7.308209
9.506378
9.931010
8.850362
9.522351
9.282804
9.544106
9.206628
6.622231
11.064980
7.568482
8.739093
10.204556
13.848037
10.257827
7.724346
10.432679
13.755408
8.324772
12.360572
11.347960
8.443328
12.197560
5.099340
12.754193
12.254693
13.091006
13.658223
5.941227
7.502428
7.087408
7.500918
8.997631
10.987694
9.760213
7.465022
11.124768
14.191094
6.751715
8.438129
11.316471
12.494443
7.923079
10.494683
10.192336
12.418559
9.682037
11.174703
12.984730
2.886285
8.784638
12.589112
10.090590
4.458401
7.184041
11.164192
11.847760
13.399514
10.931076
6.249910
13.280385
10.069487
12.942881
14.143853
10.544749
13.452415
8.460705
6.870264
11.117931
9.090501
10.252289
11.392549
5.638247
15.880342
8.774682
14.296349
8.686629
11.333331
7.871612
11.067743
13.231437
12.210973
12.595947
8.707962
6.525138
4.459823
13.382956
11.846609
10.767137
11.234972
7.991584
13.292980
4.329209
5.472793
9.980271
6.998228
8.580037
10.109491
9.572175
10.491614
10.852955
7.520352
10.699811
9.838061
7.937037
8.966491
10.516702
10.240490
11.381829
8.713482
6.411507
19.504314
13.068898
16.234816
6.447967
7.961134
10.651337
11.451398
10.091353
13.917415
11.704736
4.725675
14.369968
12.221237
9.724734
10.588105
11.238449
17.797039
10.798522
9.569539
6.908288
9.147925
6.380588
4.514816
15.425070
14.438369
5.691204
8.948404
9.884765
1.151357
13.330410
10.455655
8.127763
5.762753
12.511683
11.976643
14.798207
12.001188
11.083904
6.747385
10.339620
9.556049
13.165122
10.526318
7.777523
10.439414
6.317717
15.876175
10.690615
9.522565
9.953943
12.617628
15.514609
10.063173
10.708064
15.836236
10.821218
0.398684
10.942057
11.228001
12.114227
14.875778
8.960086
10.629655
8.873566
10.389011
10.179861
7.568394
8.278390
4.977287
8.979795
9.826600
12.102360
9.079157
10.612059
11.721984
7.324978
8.578040
10.980018
9.648857
3.597291
6.125501
9.612003
10.929802
4.158256
5.412339
14.869290
14.526695
6.604911
8.907943
7.450872
4.273404
16.344657
14.856716
3.749025
14.883078
11.182750
9.154944
7.359676
11.914977
6.796459
6.338198
7.369696
9.373826
9.657916
10.928845
13.854164
6.970009
9.641780
5.113311
13.813009
8.313387
10.111580
10.142605
9.654951
11.964653
9.985633
4.752827
8.066519
7.483371
13.435540
13.242451
10.530880
12.903560
9.347940
7.232089
4.523885
6.334147
9.164180
7.466074
5.106406
12.867205
8.688059
14.204036
12.376460
15.559155
10.419794
14.475091
10.088852
12.631855
12.498380
10.447837
15.403475
10.583505
12.407137
8.071316
10.712499
8.459237
10.488880
8.450242
8.190044
9.106059
12.541374
5.599411
8.025009
8.958914
9.985062
7.057080
11.375594
9.135064
9.740082
11.974263
9.683812
8.710061
12.639373
13.737415
8.764174
12.042764
10.965506
8.967704
7.427571
10.773228
10.022962
13.933127
9.785182
11.468148
10.730359
3.600764
6.724663
14.504709
7.459729
8.865635
3.611427
13.188113
11.985427
11.384278
11.303844
12.805500
7.856380
13.196493
9.463906
12.312071
13.702114
8.607156
11.359362
10.883540
13.693956
12.590446
11.858166
12.636423
11.507953
6.706468
15.022520
7.120437
7.595826
6.310773
7.181134
7.000946
6.730177
10.691503
12.182149
11.655316
13.172344
11.304403
6.061303
4.099200
11.574269
15.484007
10.797409
5.835026
9.734563
10.105293
12.089794
10.028626
7.990529
8.162799
10.919609
7.753358
9.889154
9.294932
3.034717
8.137195
11.198386
10.202105
14.231889
10.889231
11.656959
11.117389
7.279085
10.559834
10.311742
11.335053
16.358892
8.174789
11.014445
9.681591
11.914941
10.908636
7.352308
6.660873
12.438964
15.160096
11.232330
8.110673
12.278540
9.376680
16.395916
5.214361
2.572419
13.231814
10.554352
8.613562
7.689888
9.054806
10.473956
5.517775
7.299220
16.229978
10.987938
13.253731
10.922690
14.963563
14.571386
13.025280
10.174197
9.971579
9.201234
10.340263
10.019675
3.819470
4.551388
9.702555
12.580705
8.269422
6.177699
10.772573
11.952741
9.690251
13.087345
9.810420
13.557587
10.742637
9.088893
7.339301
9.709469
10.308937
15.473409
13.132412
12.523638
9.505065
11.691862
10.968489
8.808543
13.578221
8.815216
8.592857
7.716142
11.291617
8.985050
5.393063
10.379967
11.583115
6.482380
12.031835
15.845200
11.956959
13.085251
8.660222
7.282278
10.170153
13.267220
10.112401
6.342481
4.747259
6.757467
14.362279
10.108474
10.124071
10.540743
14.987554
7.712128
16.928260
17.410468
18.036434
12.046200
8.683927
7.489961
14.146496
12.585112
11.232192
9.852257
7.429057
10.854893
11.172607
8.242732
8.062270
4.857495
14.243497
11.553613
7.328184
11.066054
1.681556
6.018661
11.953826
8.679346
9.696191
10.251706
11.211700
5.921970
11.165970
16.562713
12.137983
10.887015
10.936787
6.582048
5.109741
8.248724
9.417178
11.787195
10.077975
14.084782
2.781250
18.699110
11.690850
5.988424
13.733568
7.271309
8.544500
9.314749
3.993802
9.695264
12.567455
7.834800
7.648464
